<?xml version="1.0" encoding="UTF-8"?>
<robot generator="Robot 4.1.2 (Python 3.7.5 on win32)" generated="20211201 10:45:51.000" rpa="false" schemaversion="2">
<suite id="s1" name="Robot Interactive Console" source="c:\Users\tushar.karkera\.vscode\extensions\robocorp.robotframework-lsp-0.29.0\src\robotframework_ls\vendored\robotframework_interactive\robot_interactive_console.robot">
<test id="s1-t1" name="Default Task/Test">
<kw name="Interpreter Main Loop" library="MainLoop">
<status status="PASS" starttime="20211201 10:45:51.113" endtime="20211201 10:45:53.484"/>
</kw>
<status status="PASS" starttime="20211201 10:45:51.112" endtime="20211201 10:45:53.485"/>
</test>
<status status="PASS" starttime="20211201 10:45:51.007" endtime="20211201 10:45:53.487"/>
</suite>
<statistics>
<total>
<stat pass="1" fail="0" skip="0">All Tests</stat>
</total>
<tag>
</tag>
<suite>
<stat pass="1" fail="0" skip="0" id="s1" name="Robot Interactive Console">Robot Interactive Console</stat>
</suite>
</statistics>
<errors>
</errors>
</robot>
